1632323667437:help
1632323671451:clear
1632323681886:exit
1632380923108:EXIT
1632380925119:exit
1632430940034:run --apps-names word
1632433182903:r "word tg zoom"
1632433241659:r tg
1632433276022:run sp
1632433415424:r sp
1632433727596:r id
1632433752041:r "mst tg zoom"
1632433818542:r "tg sp"
1632433984620:run word
1632434129334:run tg
1632434195086:r tg
1632434992583:r "tg zoom word"
1632435113189:go zoom
1632435357167:go sp
1632435366492:stacktrace
1632435462818:r tg
1632435492292:stacktrace
1632435723834:r tg
1632435819406:r gg
1632435885934:r "gg word tg"
1632472373470:r "wd sp ds"
1632472480639:go "ds wd zm"
1632475784877:r zm
1632475805804:stacktrace
1632475832079:exit
1632494590139:w Nizhyn
1632494601228:stacktrace
1632494713494:w Kyiv
1632494731933:stacktrace
1632494788199:w Kyiv
1632494792203:stacktrace
1632494829875:w Kyiv
1632494833461:stacktrace
1632495100564:w Kyiv
1632495169837:f 2 Nizhyn
1632495963790:w Kyiv
1632496018032:w Nizhyn
1632496033372:f 1 Nizhyn
1632496055731:clear
1632557473256:help
1632557512752:f 1 Kyiv
1632557520426:r tg
1632569438122:f 2 Kyiv
1632569660920:w Nizhyn
1632569664522:r tg
1632569703840:w Nizhyn
1632569727741:f 2 Kyiv
1632570156072:w Nizhyn
1632570315260:exit
1632690746219:weather Nizhyn
1632690755221:forecast 2 Kyiv
1632690865946:weather Nizhyn
1632839862133:forecast 2 Kyiv
1632841782125:f 2 Kyiv
